#
# A fatal error has been detected by the Java Runtime Environment:
#
#  EXCEPTION_ACCESS_VIOLATION (0xc0000005) at pc=0x0000000073a08845, pid=4424, tid=10864
#
# JRE version: Java(TM) SE Runtime Environment (8.0_60-b27) (build 1.8.0_60-b27)
# Java VM: Java HotSpot(TM) 64-Bit Server VM (25.60-b23 mixed mode windows-amd64 compressed oops)
# Problematic frame:
# V  [jvm.dll+0x128845]
#
# Failed to write core dump. Minidumps are not enabled by default on client versions of Windows
#
# If you would like to submit a bug report, please visit:
#   http://bugreport.java.com/bugreport/crash.jsp
#

---------------  T H R E A D  ---------------

Current thread (0x0000000018f87000):  JavaThread "JDWP Transport Listener: dt_socket" daemon [_thread_in_vm, id=10864, stack(0x0000000019380000,0x0000000019480000)]

siginfo: ExceptionCode=0xc0000005, reading address 0xffffffffffffffff

Registers:
RAX=0x000000001947f501, RBX=0x0000000018f87000, RCX=0x003b65646f4e676e, RDX=0x0000000000000000
RSP=0x000000001947f500, RBP=0x003b65646f4e676e, RSI=0x000000001947f618, RDI=0x0000000001288850
R8 =0x0000000018f87000, R9 =0x0000000000000000, R10=0x0000000000000000, R11=0x0000000000000064
R12=0x0000000000000000, R13=0x0000000018f8f808, R14=0x0000000000000000, R15=0x0000000000000000
RIP=0x0000000073a08845, EFLAGS=0x0000000000010202

Top of Stack: (sp=0x000000001947f500)
0x000000001947f500:   0000000018f87000 0000000018f87000
0x000000001947f510:   000000001947f5c8 0000000073c0e18b
0x000000001947f520:   0000000018f87000 0000000073c2a9ed
0x000000001947f530:   0000000000000000 00000000730d9155
0x000000001947f540:   000000001a802448 00000000730e291e
0x000000001947f550:   0000000018f87000 0000000000000000
0x000000001947f560:   0000000000000000 0000000000000000
0x000000001947f570:   003b65646f4e676e 00000000730e1a15
0x000000001947f580:   000000001947f618 000000001947f5f0
0x000000001947f590:   0000000000000001 000000001a802448
0x000000001947f5a0:   003b65646f4e676e 00000000730c53b3
0x000000001947f5b0:   000000001947f6e0 0000000000000001
0x000000001947f5c0:   0000000000000001 000000001a802448
0x000000001947f5d0:   0000000000000001 0000000000000000
0x000000001947f5e0:   0000000000000000 0000000000000000
0x000000001947f5f0:   0000000000000001 00000000730c5571 

Instructions: (pc=0x0000000073a08845)
0x0000000073a08825:   cc cc cc cc cc cc cc cc cc cc cc 48 83 ec 28 48
0x0000000073a08835:   85 c9 75 07 33 c0 48 83 c4 28 c3 48 89 5c 24 20
0x0000000073a08845:   48 8b 19 48 85 db 74 20 48 83 fb 37 74 1a 48 8b
0x0000000073a08855:   13 48 8b cb ff 52 10 84 c0 74 0d 48 8b c3 48 8b 


Register to memory mapping:

RAX=0x000000001947f501 is pointing into the stack for thread: 0x0000000018f87000
RBX=0x0000000018f87000 is a thread
RCX=0x003b65646f4e676e is an unknown value
RDX=0x0000000000000000 is an unknown value
RSP=0x000000001947f500 is pointing into the stack for thread: 0x0000000018f87000
RBP=0x003b65646f4e676e is an unknown value
RSI=0x000000001947f618 is pointing into the stack for thread: 0x0000000018f87000
RDI=0x0000000001288850 is an unknown value
R8 =0x0000000018f87000 is a thread
R9 =0x0000000000000000 is an unknown value
R10=0x0000000000000000 is an unknown value
R11=0x0000000000000064 is an unknown value
R12=0x0000000000000000 is an unknown value
R13=0x0000000018f8f808 is an unknown value
R14=0x0000000000000000 is an unknown value
R15=0x0000000000000000 is an unknown value


Stack: [0x0000000019380000,0x0000000019480000],  sp=0x000000001947f500,  free space=1021k
Native frames: (J=compiled Java code, j=interpreted, Vv=VM code, C=native code)
V  [jvm.dll+0x128845]
V  [jvm.dll+0x34a9ed]
C  [jdwp.dll+0x21a15]
C  [jdwp.dll+0x53b3]
C  [jdwp.dll+0x5571]
C  [jdwp.dll+0xf0a8]
C  [jdwp.dll+0x1f2d5]
C  [jdwp.dll+0x1f4aa]
V  [jvm.dll+0x1bb8e8]
V  [jvm.dll+0x243134]
V  [jvm.dll+0x299f6a]
C  [msvcr100.dll+0x21d9f]
C  [msvcr100.dll+0x21e3b]
C  [KERNEL32.DLL+0x18102]
C  [ntdll.dll+0x5c5b4]


---------------  P R O C E S S  ---------------

Java Threads: ( => current thread )
  0x000000001904b800 JavaThread "threadDeathWatcher-4-1" daemon [_thread_blocked, id=3528, stack(0x000000001bb70000,0x000000001bc70000)]
  0x000000001a926800 JavaThread "nioEventLoopGroup-3-1" [_thread_in_native, id=7536, stack(0x000000001ba70000,0x000000001bb70000)]
  0x000000001a826800 JavaThread "nioEventLoopGroup-2-1" [_thread_in_native, id=4784, stack(0x000000001b970000,0x000000001ba70000)]
  0x0000000019027800 JavaThread "Service Thread" daemon [_thread_blocked, id=6096, stack(0x0000000019980000,0x0000000019a80000)]
  0x0000000018fb9800 JavaThread "C1 CompilerThread2" daemon [_thread_blocked, id=8768, stack(0x0000000019880000,0x0000000019980000)]
  0x0000000018fa5000 JavaThread "C2 CompilerThread1" daemon [_thread_blocked, id=6512, stack(0x0000000019780000,0x0000000019880000)]
  0x0000000018fa1800 JavaThread "C2 CompilerThread0" daemon [_thread_blocked, id=10316, stack(0x0000000019680000,0x0000000019780000)]
  0x0000000018f96800 JavaThread "JDWP Command Reader" daemon [_thread_in_native, id=9840, stack(0x0000000019580000,0x0000000019680000)]
  0x0000000018f93000 JavaThread "JDWP Event Helper Thread" daemon [_thread_blocked, id=1992, stack(0x0000000019480000,0x0000000019580000)]
=>0x0000000018f87000 JavaThread "JDWP Transport Listener: dt_socket" daemon [_thread_in_vm, id=10864, stack(0x0000000019380000,0x0000000019480000)]
  0x0000000017a0c000 JavaThread "Attach Listener" daemon [_thread_blocked, id=9872, stack(0x0000000018e80000,0x0000000018f80000)]
  0x0000000017a0b000 JavaThread "Signal Dispatcher" daemon [_thread_blocked, id=11248, stack(0x0000000018d80000,0x0000000018e80000)]
  0x0000000003037800 JavaThread "Finalizer" daemon [_thread_blocked, id=7844, stack(0x0000000018c20000,0x0000000018d20000)]
  0x0000000017979000 JavaThread "Reference Handler" daemon [_thread_blocked, id=9584, stack(0x0000000018b20000,0x0000000018c20000)]
  0x0000000002f42800 JavaThread "main" [_thread_blocked, id=8316, stack(0x0000000002e40000,0x0000000002f40000)]

Other Threads:
  0x0000000017977800 VMThread [stack: 0x0000000018a20000,0x0000000018b20000] [id=10032]
  0x000000001909c000 WatcherThread [stack: 0x0000000019a80000,0x0000000019b80000] [id=3108]

VM state:not at safepoint (normal execution)

VM Mutex/Monitor currently owned by a thread: None

Heap:
 PSYoungGen      total 36864K, used 16445K [0x00000000d6e00000, 0x00000000d9700000, 0x0000000100000000)
  eden space 31744K, 35% used [0x00000000d6e00000,0x00000000d79161b0,0x00000000d8d00000)
  from space 5120K, 99% used [0x00000000d8d00000,0x00000000d91f93b0,0x00000000d9200000)
  to   space 5120K, 0% used [0x00000000d9200000,0x00000000d9200000,0x00000000d9700000)
 ParOldGen       total 84992K, used 1513K [0x0000000084a00000, 0x0000000089d00000, 0x00000000d6e00000)
  object space 84992K, 1% used [0x0000000084a00000,0x0000000084b7a5b0,0x0000000089d00000)
 Metaspace       used 16412K, capacity 16686K, committed 16896K, reserved 1064960K
  class space    used 1948K, capacity 2017K, committed 2048K, reserved 1048576K

Card table byte_map: [0x0000000012400000,0x00000000127e0000] byte_map_base: 0x0000000011fdb000

Marking Bits: (ParMarkBitMap*) 0x00000000740ea5b0
 Begin Bits: [0x0000000012e80000, 0x0000000014d58000)
 End Bits:   [0x0000000014d58000, 0x0000000016c30000)

Polling page: 0x0000000000f30000

CodeCache: size=245760Kb used=4178Kb max_used=4178Kb free=241581Kb
 bounds [0x0000000003040000, 0x0000000003460000, 0x0000000012040000]
 total_blobs=1465 nmethods=1101 adapters=284
 compilation: enabled

Compilation events (10 events):
Event: 64.319 Thread 0x0000000018fb9800 1097       3       io.netty.util.concurrent.SingleThreadEventExecutor::pollTaskFrom (22 bytes)
Event: 64.319 Thread 0x0000000018fb9800 nmethod 1097 0x0000000003453610 code [0x00000000034537a0, 0x0000000003453b68]
Event: 66.320 Thread 0x0000000018fb9800 1098   !   3       sun.nio.ch.SelectorImpl::processDeregisterQueue (101 bytes)
Event: 66.321 Thread 0x0000000018fb9800 nmethod 1098 0x0000000003453c90 code [0x0000000003453ec0, 0x0000000003454a98]
Event: 67.083 Thread 0x0000000018fb9800 1099       1       sun.nio.ch.WindowsSelectorImpl::access$1200 (5 bytes)
Event: 67.083 Thread 0x0000000018fb9800 nmethod 1099 0x0000000003455090 code [0x00000000034551e0, 0x00000000034552d0]
Event: 67.083 Thread 0x0000000018fb9800 1100       1       sun.nio.ch.WindowsSelectorImpl::access$1400 (5 bytes)
Event: 67.083 Thread 0x0000000018fb9800 nmethod 1100 0x0000000003455350 code [0x00000000034554a0, 0x0000000003455590]
Event: 67.083 Thread 0x0000000018fb9800 1101       1       sun.nio.ch.WindowsSelectorImpl::access$1500 (5 bytes)
Event: 67.083 Thread 0x0000000018fb9800 nmethod 1101 0x0000000003455610 code [0x0000000003455760, 0x0000000003455850]

GC Heap History (2 events):
Event: 1.178 GC heap before
{Heap before GC invocations=1 (full 0):
 PSYoungGen      total 36864K, used 31744K [0x00000000d6e00000, 0x00000000d9700000, 0x0000000100000000)
  eden space 31744K, 100% used [0x00000000d6e00000,0x00000000d8d00000,0x00000000d8d00000)
  from space 5120K, 0% used [0x00000000d9200000,0x00000000d9200000,0x00000000d9700000)
  to   space 5120K, 0% used [0x00000000d8d00000,0x00000000d8d00000,0x00000000d9200000)
 ParOldGen       total 84992K, used 0K [0x0000000084a00000, 0x0000000089d00000, 0x00000000d6e00000)
  object space 84992K, 0% used [0x0000000084a00000,0x0000000084a00000,0x0000000089d00000)
 Metaspace       used 13588K, capacity 13766K, committed 13952K, reserved 1060864K
  class space    used 1603K, capacity 1647K, committed 1664K, reserved 1048576K
Event: 1.186 GC heap after
Heap after GC invocations=1 (full 0):
 PSYoungGen      total 36864K, used 5092K [0x00000000d6e00000, 0x00000000d9700000, 0x0000000100000000)
  eden space 31744K, 0% used [0x00000000d6e00000,0x00000000d6e00000,0x00000000d8d00000)
  from space 5120K, 99% used [0x00000000d8d00000,0x00000000d91f93b0,0x00000000d9200000)
  to   space 5120K, 0% used [0x00000000d9200000,0x00000000d9200000,0x00000000d9700000)
 ParOldGen       total 84992K, used 1513K [0x0000000084a00000, 0x0000000089d00000, 0x00000000d6e00000)
  object space 84992K, 1% used [0x0000000084a00000,0x0000000084b7a5b0,0x0000000089d00000)
 Metaspace       used 13588K, capacity 13766K, committed 13952K, reserved 1060864K
  class space    used 1603K, capacity 1647K, committed 1664K, reserved 1048576K
}

Deoptimization events (10 events):
Event: 1.023 Thread 0x0000000002f42800 Uncommon trap: reason=range_check action=none pc=0x0000000003223adc method=sun.reflect.generics.parser.SignatureParser.current()C @ 34
Event: 1.023 Thread 0x0000000002f42800 Uncommon trap: reason=range_check action=none pc=0x0000000003223adc method=sun.reflect.generics.parser.SignatureParser.current()C @ 34
Event: 1.024 Thread 0x0000000002f42800 Uncommon trap: reason=range_check action=none pc=0x0000000003223adc method=sun.reflect.generics.parser.SignatureParser.current()C @ 34
Event: 1.024 Thread 0x0000000002f42800 Uncommon trap: reason=range_check action=none pc=0x0000000003223adc method=sun.reflect.generics.parser.SignatureParser.current()C @ 34
Event: 1.032 Thread 0x0000000002f42800 Uncommon trap: reason=range_check action=none pc=0x0000000003223adc method=sun.reflect.generics.parser.SignatureParser.current()C @ 34
Event: 1.032 Thread 0x0000000002f42800 Uncommon trap: reason=range_check action=none pc=0x0000000003223adc method=sun.reflect.generics.parser.SignatureParser.current()C @ 34
Event: 1.034 Thread 0x0000000002f42800 Uncommon trap: reason=range_check action=none pc=0x0000000003223adc method=sun.reflect.generics.parser.SignatureParser.current()C @ 34
Event: 5.313 Thread 0x000000001a926800 Uncommon trap: reason=range_check action=none pc=0x0000000003223adc method=sun.reflect.generics.parser.SignatureParser.current()C @ 34
Event: 5.313 Thread 0x000000001a926800 Uncommon trap: reason=range_check action=none pc=0x0000000003223adc method=sun.reflect.generics.parser.SignatureParser.current()C @ 34
Event: 5.349 Thread 0x000000001a926800 Uncommon trap: reason=unstable_if action=reinterpret pc=0x00000000033b8a24 method=java.lang.CharacterDataLatin1.isWhitespace(I)Z @ 14

Internal exceptions (10 events):
Event: 1.037 Thread 0x0000000002f42800 Exception <a 'java/lang/ClassNotFoundException': org/springframework/beans/factory/InitializingBeanCustomizer> (0x00000000d8833200) thrown at [C:\re\workspace\8-2-build-windows-amd64-cygwin\jdk8u60\4407\hotspot\src\share\vm\classfile\systemDictionary.cpp, ôÔ)4˜ð?
Event: 1.037 Thread 0x0000000002f42800 Exception <a 'java/lang/ClassNotFoundException': org/springframework/beans/factory/DisposableBeanCustomizer> (0x00000000d883ac60) thrown at [C:\re\workspace\8-2-build-windows-amd64-cygwin\jdk8u60\4407\hotspot\src\share\vm\classfile\systemDictionary.cpp, li
Event: 1.079 Thread 0x0000000002f42800 Exception <a 'java/lang/NoClassDefFoundError': org/slf4j/LoggerFactory> (0x00000000d8a07340) thrown at [C:\re\workspace\8-2-build-windows-amd64-cygwin\jdk8u60\4407\hotspot\src\share\vm\classfile\systemDictionary.cpp, line 199]
Event: 1.111 Thread 0x0000000002f42800 Exception <a 'java/lang/ClassCastException': sun.misc.Cleaner cannot be cast to java.lang.Runnable> (0x00000000d8b9fb80) thrown at [C:\re\workspace\8-2-build-windows-amd64-cygwin\jdk8u60\4407\hotspot\src\share\vm\interpreter\interpreterRuntime.cpp, line 38/p±Êñ?
Event: 1.112 Thread 0x0000000002f42800 Exception <a 'java/lang/NoClassDefFoundError': javassist/ClassPath> (0x00000000d8bae078) thrown at [C:\re\workspace\8-2-build-windows-amd64-cygwin\jdk8u60\4407\hotspot\src\share\vm\classfile\systemDictionary.cpp, line 199]
Event: 1.202 Thread 0x0000000002f42800 Exception <a 'java/lang/NoSuchFieldError': method resolution failed> (0x00000000d6e69498) thrown at [C:\re\workspace\8-2-build-windows-amd64-cygwin\jdk8u60\4407\hotspot\src\share\vm\prims\methodHandles.cpp, line 1146]
Event: 1.208 Thread 0x0000000002f42800 Exception <a 'java/lang/NoSuchFieldError': method resolution failed> (0x00000000d6e771f8) thrown at [C:\re\workspace\8-2-build-windows-amd64-cygwin\jdk8u60\4407\hotspot\src\share\vm\prims\methodHandles.cpp, line 1146]
Event: 5.313 Thread 0x000000001a926800 Exception <a 'java/lang/ArrayIndexOutOfBoundsException': 70> (0x00000000d75ee6a8) thrown at [C:\re\workspace\8-2-build-windows-amd64-cygwin\jdk8u60\4407\hotspot\src\share\vm\interpreter\interpreterRuntime.cpp, line 366]
Event: 5.313 Thread 0x000000001a926800 Exception <a 'java/lang/ArrayIndexOutOfBoundsException': 114> (0x00000000d75efcd0) thrown at [C:\re\workspace\8-2-build-windows-amd64-cygwin\jdk8u60\4407\hotspot\src\share\vm\interpreter\interpreterRuntime.cpp, line 366]
Event: 10.059 Thread 0x000000001a926800 Exception <a 'java/io/IOException'> (0x00000000d78918f8) thrown at [C:\re\workspace\8-2-build-windows-amd64-cygwin\jdk8u60\4407\hotspot\src\share\vm\prims\jni.cpp, line 709]

Events (10 events):
Event: 10.060 loading class io/netty/channel/AbstractChannel$AbstractUnsafe$7
Event: 10.060 loading class io/netty/channel/AbstractChannel$AbstractUnsafe$7 done
Event: 10.060 Thread 0x000000001a926800 DEOPT PACKING pc=0x00000000031ef5c1 sp=0x000000001bb6d900
Event: 10.060 Thread 0x000000001a926800 DEOPT UNPACKING pc=0x000000000308787f sp=0x000000001bb6d650 mode 1
Event: 10.060 Thread 0x000000001a926800 DEOPT PACKING pc=0x000000000318789c sp=0x000000001bb6d980
Event: 10.060 Thread 0x000000001a926800 DEOPT UNPACKING pc=0x000000000308787f sp=0x000000001bb6d7a0 mode 1
Event: 10.060 Thread 0x000000001a926800 DEOPT PACKING pc=0x0000000003187634 sp=0x000000001bb6db10
Event: 10.060 Thread 0x000000001a926800 DEOPT UNPACKING pc=0x000000000308787f sp=0x000000001bb6d930 mode 1
Event: 72.929 Executing VM operation: RedefineClasses
Event: 72.937 Executing VM operation: RedefineClasses done


Dynamic libraries:
0x00007ff711820000 - 0x00007ff711853000 	D:\Java\jdk1.8.0_60\bin\javaw.exe
0x00007ffae5770000 - 0x00007ffae5931000 	C:\WINDOWS\SYSTEM32\ntdll.dll
0x00007ffae3800000 - 0x00007ffae38ad000 	C:\WINDOWS\system32\KERNEL32.DLL
0x00007ffae21d0000 - 0x00007ffae23b8000 	C:\WINDOWS\system32\KERNELBASE.dll
0x00007ffae2bf0000 - 0x00007ffae2c97000 	C:\WINDOWS\system32\ADVAPI32.dll
0x00007ffae2b50000 - 0x00007ffae2bed000 	C:\WINDOWS\system32\msvcrt.dll
0x00007ffae52e0000 - 0x00007ffae533b000 	C:\WINDOWS\system32\sechost.dll
0x00007ffae53b0000 - 0x00007ffae54cc000 	C:\WINDOWS\system32\RPCRT4.dll
0x00007ffae3530000 - 0x00007ffae3686000 	C:\WINDOWS\system32\USER32.dll
0x00007ffae54d0000 - 0x00007ffae5656000 	C:\WINDOWS\system32\GDI32.dll
0x00007ffade580000 - 0x00007ffade7f4000 	C:\WINDOWS\WinSxS\amd64_microsoft.windows.common-controls_6595b64144ccf1df_6.0.10586.494_none_a2d8b04ea53e3145\COMCTL32.dll
0x00007ffae2ce0000 - 0x00007ffae2f5d000 	C:\WINDOWS\system32\combase.dll
0x00007ffae2110000 - 0x00007ffae217a000 	C:\WINDOWS\system32\bcryptPrimitives.dll
0x00007ffae2ca0000 - 0x00007ffae2cdb000 	C:\WINDOWS\system32\IMM32.DLL
0x00007ffae1bc0000 - 0x00007ffae1bf1000 	C:\Windows\system32\nvinitx.dll
0x00007ffae1bb0000 - 0x00007ffae1bba000 	C:\WINDOWS\SYSTEM32\VERSION.dll
0x0000000073140000 - 0x0000000073212000 	D:\Java\jdk1.8.0_60\jre\bin\msvcr100.dll
0x00000000738e0000 - 0x0000000074169000 	D:\Java\jdk1.8.0_60\jre\bin\server\jvm.dll
0x00007ffae3510000 - 0x00007ffae3518000 	C:\WINDOWS\system32\PSAPI.DLL
0x00007ffad3710000 - 0x00007ffad3719000 	C:\WINDOWS\SYSTEM32\WSOCK32.dll
0x00007ffadfd40000 - 0x00007ffadfd63000 	C:\WINDOWS\SYSTEM32\WINMM.dll
0x00007ffae5340000 - 0x00007ffae53ab000 	C:\WINDOWS\system32\WS2_32.dll
0x00007ffadfd10000 - 0x00007ffadfd3c000 	C:\WINDOWS\SYSTEM32\WINMMBASE.dll
0x00007ffae2180000 - 0x00007ffae21c3000 	C:\WINDOWS\system32\cfgmgr32.dll
0x00000000755d0000 - 0x00000000755df000 	D:\Java\jdk1.8.0_60\jre\bin\verify.dll
0x00000000738b0000 - 0x00000000738d9000 	D:\Java\jdk1.8.0_60\jre\bin\java.dll
0x00000000730c0000 - 0x00000000730f5000 	D:\Java\jdk1.8.0_60\jre\bin\jdwp.dll
0x0000000073560000 - 0x0000000073568000 	D:\Java\jdk1.8.0_60\jre\bin\npt.dll
0x0000000073890000 - 0x00000000738a6000 	D:\Java\jdk1.8.0_60\jre\bin\zip.dll
0x00007ffae3d80000 - 0x00007ffae52dc000 	C:\WINDOWS\system32\SHELL32.dll
0x00007ffae23c0000 - 0x00007ffae2a05000 	C:\WINDOWS\system32\windows.storage.dll
0x00007ffae38b0000 - 0x00007ffae3902000 	C:\WINDOWS\system32\shlwapi.dll
0x00007ffae1d80000 - 0x00007ffae1d8f000 	C:\WINDOWS\system32\kernel.appcore.dll
0x00007ffae1fd0000 - 0x00007ffae2085000 	C:\WINDOWS\system32\shcore.dll
0x00007ffae1db0000 - 0x00007ffae1dfb000 	C:\WINDOWS\system32\powrprof.dll
0x00007ffae1d90000 - 0x00007ffae1da4000 	C:\WINDOWS\system32\profapi.dll
0x00000000730b0000 - 0x00000000730b9000 	D:\Java\jdk1.8.0_60\jre\bin\dt_socket.dll
0x00007ffad17a0000 - 0x00007ffad17b6000 	C:\WINDOWS\system32\napinsp.dll
0x00007ffad17c0000 - 0x00007ffad17da000 	C:\WINDOWS\system32\pnrpnsp.dll
0x00007ffadf930000 - 0x00007ffadf948000 	C:\WINDOWS\system32\NLAapi.dll
0x00007ffae15f0000 - 0x00007ffae164c000 	C:\WINDOWS\System32\mswsock.dll
0x00007ffae04a0000 - 0x00007ffae054a000 	C:\WINDOWS\SYSTEM32\DNSAPI.dll
0x00007ffae3c10000 - 0x00007ffae3c18000 	C:\WINDOWS\system32\NSI.dll
0x00007ffad1af0000 - 0x00007ffad1afd000 	C:\WINDOWS\System32\winrnr.dll
0x00007ffad17e0000 - 0x00007ffad17f5000 	C:\WINDOWS\System32\wshbth.dll
0x00007ffad6550000 - 0x00007ffad65b7000 	C:\WINDOWS\System32\fwpuclnt.dll
0x00007ffae1c00000 - 0x00007ffae1c29000 	C:\WINDOWS\SYSTEM32\bcrypt.dll
0x00007ffad2c90000 - 0x00007ffad2c9a000 	C:\Windows\System32\rasadhlp.dll
0x0000000073870000 - 0x000000007388a000 	D:\Java\jdk1.8.0_60\jre\bin\net.dll
0x0000000073850000 - 0x0000000073861000 	D:\Java\jdk1.8.0_60\jre\bin\nio.dll
0x00007ffae16a0000 - 0x00007ffae16b7000 	C:\WINDOWS\SYSTEM32\CRYPTSP.dll
0x00007ffae1330000 - 0x00007ffae1364000 	C:\WINDOWS\system32\rsaenh.dll
0x00007ffae1480000 - 0x00007ffae149f000 	C:\WINDOWS\SYSTEM32\USERENV.dll
0x00007ffae17c0000 - 0x00007ffae17cb000 	C:\WINDOWS\SYSTEM32\CRYPTBASE.dll
0x0000000074aa0000 - 0x0000000074aad000 	D:\Java\jdk1.8.0_60\jre\bin\management.dll
0x00007ffad67b0000 - 0x00007ffad67e8000 	C:\WINDOWS\SYSTEM32\IPHLPAPI.DLL
0x00007ffad6130000 - 0x00007ffad6146000 	C:\WINDOWS\SYSTEM32\dhcpcsvc6.DLL
0x00007ffad60b0000 - 0x00007ffad60ca000 	C:\WINDOWS\SYSTEM32\dhcpcsvc.DLL
0x00007ffad2730000 - 0x00007ffad28bc000 	C:\WINDOWS\SYSTEM32\dbghelp.dll

VM Arguments:
jvm_args: -agentlib:jdwp=transport=dt_socket,suspend=y,address=localhost:56231 -Dfile.encoding=UTF-8 
java_command: com.chm.ServerApp
java_class_path (initial): H:\Eclipse\WorkSpace\demo\target\classes;C:\Users\chen-hongmin\.m2\repository\org\springframework\spring-context\4.3.1.RELEASE\spring-context-4.3.1.RELEASE.jar;C:\Users\chen-hongmin\.m2\repository\org\springframework\spring-aop\4.3.1.RELEASE\spring-aop-4.3.1.RELEASE.jar;C:\Users\chen-hongmin\.m2\repository\org\springframework\spring-beans\4.3.1.RELEASE\spring-beans-4.3.1.RELEASE.jar;C:\Users\chen-hongmin\.m2\repository\org\springframework\spring-core\4.3.1.RELEASE\spring-core-4.3.1.RELEASE.jar;C:\Users\chen-hongmin\.m2\repository\org\springframework\spring-expression\4.3.1.RELEASE\spring-expression-4.3.1.RELEASE.jar;C:\Users\chen-hongmin\.m2\repository\javax\annotation\jsr250-api\1.0\jsr250-api-1.0.jar;C:\Users\chen-hongmin\.m2\repository\javax\servlet\javax.servlet-api\4.0.0-b01\javax.servlet-api-4.0.0-b01.jar;C:\Users\chen-hongmin\.m2\repository\com\fasterxml\jackson\core\jackson-databind\2.8.1\jackson-databind-2.8.1.jar;C:\Users\chen-hongmin\.m2\repository\com\fasterxml\jackson\core\jackson-core\2.8.1\jackson-core-2.8.1.jar;C:\Users\chen-hongmin\.m2\repository\com\fasterxml\jackson\core\jackson-annotations\2.8.1\jackson-annotations-2.8.1.jar;C:\Users\chen-hongmin\.m2\repository\io\netty\netty-all\4.1.3.Final\netty-all-4.1.3.Final.jar;C:\Users\chen-hongmin\.m2\repository\log4j\log4j\1.2.17\log4j-1.2.17.jar;C:\Users\chen-hongmin\.m2\repository\org\apache\httpcomponents\httpclient\4.5.2\httpclient-4.5.2.jar;C:\Users\chen-hongmin\.m2\repository\org\apache\httpcomponents\httpcore\4.4.4\httpcore-4.4.4.jar;C:\Users\chen-hongmin\.m2\repository\commons-logging\commons-logging\1.2\commons-logging-1.2.jar;C:\Users\chen-hongmin\.m2\repository\commons-codec\commons-codec\1.9\commons-codec-1.9.jar
Launcher Type: SUN_STANDARD

Environment Variables:
JAVA_HOME=D:\Java\jdk1.8.0_60
PATH=D:\Java\jdk1.8.0_60\jre\bin;D:/Java/jdk1.8.0_60/bin/../jre/bin/server;D:/Java/jdk1.8.0_60/bin/../jre/bin;D:/Java/jdk1.8.0_60/bin/../jre/lib/amd64;C:\Program Files (x86)\Intel\iCLS Client\;C:\Program Files\Intel\iCLS Client\;C:\Windows\system32;C:\Windows;C:\Windows\System32\Wbem;C:\Windows\System32\WindowsPowerShell\v1.0\;C:\Program Files\Intel\Intel(R) Management Engine Components\DAL;C:\Program Files (x86)\Intel\Intel(R) Management Engine Components\DAL;C:\Program Files\Intel\Intel(R) Management Engine Components\IPT;C:\Program Files (x86)\Intel\Intel(R) Management Engine Components\IPT;C:\Program Files (x86)\NVIDIA Corporation\PhysX\Common;C:\Program Files\Intel\WiFi\bin\;C:\Program Files\Common Files\Intel\WirelessCommon\;C:\Program Files\Lenovo\Fingerprint Manager Pro\;C:\Program Files (x86)\Common Files\Lenovo;C:\Program Files\Condusiv Technologies\ExpressCache\;C:\SWTOOLS\ReadyApps;E:\tool\apache-maven-3.3.9-bin\apache-maven-3.3.9\bin;C:\Program Files\TortoiseGit\bin;E:\tool\gradle-2.3-all\gradle-2.3\bin;C:\WINDOWS\system32;C:\WINDOWS;C:\WINDOWS\System32\Wbem;C:\WINDOWS\System32\WindowsPowerShell\v1.0\;D:\Java\jdk1.8.0_60\bin;D:\MySQL\MySQL Server 5.5\bin;C:\Program Files (x86)\OpenVPN\bin;H:\tools\eclipse;
USERNAME=chen-hongmin
OS=Windows_NT
PROCESSOR_IDENTIFIER=Intel64 Family 6 Model 69 Stepping 1, GenuineIntel



---------------  S Y S T E M  ---------------

OS: Windows 10.0 , 64 bit Build 10586 (10.0.10586.0)

CPU:total 4 (2 cores per cpu, 2 threads per core) family 6 model 69 stepping 1, cmov, cx8, fxsr, mmx, sse, sse2, sse3, ssse3, sse4.1, sse4.2, popcnt, avx, avx2, clmul, erms, lzcnt, ht, tsc, tscinvbit, bmi1, bmi2

Memory: 4k page, physical 8083720k(3442240k free), swap 9523256k(2251500k free)

vm_info: Java HotSpot(TM) 64-Bit Server VM (25.60-b23) for windows-amd64 JRE (1.8.0_60-b27), built on Aug  4 2015 11:06:27 by "java_re" with MS VC++ 10.0 (VS2010)

time: Mon Aug 01 16:15:19 2016
elapsed time: 73 seconds (0d 0h 1m 13s)

